  Appuyez sur une touche pour continuer... 
  first_app.cpp
C:\Users\cleme\OneDrive\Bureau\MASTER\S3\moteur\LVE2\LVE2\lve_model.hpp(55,1): warning C4267: 'return' : conversion de 'size_t' en 'int', perte possible de données
  keyboard_movement_controller.cpp
C:\Users\cleme\OneDrive\Bureau\MASTER\S3\moteur\LVE2\LVE2\lve_model.hpp(55,1): warning C4267: 'return' : conversion de 'size_t' en 'int', perte possible de données
  lve_game_object.cpp
C:\Users\cleme\OneDrive\Bureau\MASTER\S3\moteur\LVE2\LVE2\lve_model.hpp(55,1): warning C4267: 'return' : conversion de 'size_t' en 'int', perte possible de données
  lve_model.cpp
C:\Users\cleme\OneDrive\Bureau\MASTER\S3\moteur\LVE2\LVE2\lve_model.hpp(55,1): warning C4267: 'return' : conversion de 'size_t' en 'int', perte possible de données
  lve_pipeline.cpp
C:\Users\cleme\OneDrive\Bureau\MASTER\S3\moteur\LVE2\LVE2\lve_model.hpp(55,1): warning C4267: 'return' : conversion de 'size_t' en 'int', perte possible de données
  main.cpp
C:\Users\cleme\OneDrive\Bureau\MASTER\S3\moteur\LVE2\LVE2\lve_model.hpp(55,1): warning C4267: 'return' : conversion de 'size_t' en 'int', perte possible de données
  physicsSystem.cpp
C:\Users\cleme\OneDrive\Bureau\MASTER\S3\moteur\LVE2\LVE2\lve_model.hpp(55,1): warning C4267: 'return' : conversion de 'size_t' en 'int', perte possible de données
  simple_render_system.cpp
C:\Users\cleme\OneDrive\Bureau\MASTER\S3\moteur\LVE2\LVE2\lve_model.hpp(55,1): warning C4267: 'return' : conversion de 'size_t' en 'int', perte possible de données
  Génération de code en cours...
LINK : warning LNK4098: conflit entre la bibliothèque par défaut 'MSVCRT' et les autres bibliothèques ; utilisez /NODEFAULTLIB:library
  LVE2.vcxproj -> C:\Users\cleme\OneDrive\Bureau\MASTER\S3\moteur\LVE2\x64\Debug\LVE2.exe
