e:\nouveau dossier\cours\fac\m2\lve2\lve2\x64\debug\vc142.pdb
e:\nouveau dossier\cours\fac\m2\lve2\lve2\x64\debug\vc142.idb
e:\nouveau dossier\cours\fac\m2\lve2\lve2\x64\debug\simple_render_system.obj
e:\nouveau dossier\cours\fac\m2\lve2\lve2\x64\debug\main.obj
e:\nouveau dossier\cours\fac\m2\lve2\lve2\x64\debug\lve_window.obj
e:\nouveau dossier\cours\fac\m2\lve2\lve2\x64\debug\lve_swap_chain.obj
e:\nouveau dossier\cours\fac\m2\lve2\lve2\x64\debug\lve_renderer.obj
e:\nouveau dossier\cours\fac\m2\lve2\lve2\x64\debug\lve_pipeline.obj
e:\nouveau dossier\cours\fac\m2\lve2\lve2\x64\debug\lve_model.obj
e:\nouveau dossier\cours\fac\m2\lve2\lve2\x64\debug\lve_device.obj
e:\nouveau dossier\cours\fac\m2\lve2\lve2\x64\debug\lve_camera.obj
e:\nouveau dossier\cours\fac\m2\lve2\lve2\x64\debug\keyboard_movement_controller.obj
e:\nouveau dossier\cours\fac\m2\lve2\lve2\x64\debug\first_app.obj
e:\nouveau dossier\cours\fac\m2\lve2\lve2\x64\debug\lve_game_object.obj
e:\nouveau dossier\cours\fac\m2\lve2\lve2\x64\debug\lve_buffer.obj
e:\nouveau dossier\cours\fac\m2\lve2\lve2\x64\debug\lve_descriptors.obj
e:\nouveau dossier\cours\fac\m2\lve2\lve2\x64\debug\graphsystem.obj
e:\nouveau dossier\cours\fac\m2\lve2\lve2\x64\debug\physicssystem.obj
e:\nouveau dossier\cours\fac\m2\lve2\x64\debug\lve2.exe
e:\nouveau dossier\cours\fac\m2\lve2\lve2\x64\debug\lve2.ilk
e:\nouveau dossier\cours\fac\m2\lve2\x64\debug\lve2.pdb
e:\nouveau dossier\cours\fac\m2\lve2\lve2\x64\debug\first_app.obj.enc
e:\nouveau dossier\cours\fac\m2\lve2\lve2\x64\debug\keyboard_movement_controller.obj.enc
e:\nouveau dossier\cours\fac\m2\lve2\lve2\x64\debug\lve_game_object.obj.enc
e:\nouveau dossier\cours\fac\m2\lve2\lve2\x64\debug\main.obj.enc
e:\nouveau dossier\cours\fac\m2\lve2\lve2\x64\debug\simple_render_system.obj.enc
e:\nouveau dossier\cours\fac\m2\lve2\lve2\x64\debug\lve2.tlog\cl.command.1.tlog
e:\nouveau dossier\cours\fac\m2\lve2\lve2\x64\debug\lve2.tlog\cl.read.1.tlog
e:\nouveau dossier\cours\fac\m2\lve2\lve2\x64\debug\lve2.tlog\cl.write.1.tlog
e:\nouveau dossier\cours\fac\m2\lve2\lve2\x64\debug\lve2.tlog\link.command.1.tlog
e:\nouveau dossier\cours\fac\m2\lve2\lve2\x64\debug\lve2.tlog\link.read.1.tlog
e:\nouveau dossier\cours\fac\m2\lve2\lve2\x64\debug\lve2.tlog\link.write.1.tlog
